{"@timestamp": "2020-10-18T10:00:05.000Z", "TimeCreated": "2020-10-18T10:00:05.000Z", "Hostname": "WKSTN-01.lab.local", "Channel": "Microsoft-Windows-Sysmon/Operational", "EventID": 1, "Image": "C:\\Tools\\dumper.exe", "CommandLine": "dumper.exe -p 600 AAAAAAAAAAAAAAAAAAAAAAAAAAAAAAAAAAAAAAAAAAAAAAAAAAAAAAAAAAAAAAAAAAAAAAAAAAAAAAAAAAAAAAAAAAAAAAAAAAAAAAAAAAAAAAAAAAAAAAAAAAAAAAAAAAAAAAAAAAAAAAAAAAAAAAAAAAAAAAAAAAAAAAAAAAAAAAAAAAAAAAAAAAAAAAAAAAAAAAAAAAAAAAAAAAAAAAAAAAAAAAAAAAAAAAAAAAAAAAAAAAAAAAAAAAAAAAAAAAAAAAAAAAAAAAAAAAAAAAAAAAAAAAAAAAAAAAAAAAAAAAAAAAAAAAAAAAAAAAAAAAAAAAAAAAAAAAAAAAAAAAAAAAAAAAAAAAAAAAAAAAAAAAAAAAAAAAAAAAAAAAAAAAAAAAAAAAAAAAAAAAAAAAAAAAAAAAAAAAAAAAAAAAAAAAAAAAAAAAAAAAAAAAAAAAAAAAAAAAAAAAAAAAAAAAAAAAAAAAAAAAAAAAAAAAAAAAAAAAAAAAAAAAAAAAAAAAAAAAAAAAAAAAAAAAAAAAAAAAAAAAAAAAAAAAAAAAAAAAAAAAAAAAAAAAAAAAAAAAAAAAAAAAAAAAAAAAAAAAAAAAAAAAAAAAAAAAAAAAAAAAAAAAAAAAAAAAAAAAAAAAAAAAAAAAAAAAAAAAAAAAAAAAAAAAAAAAAAAAAAAAAAAAAAAAAAAAAAAAAAAAAAAAAAAAAAAAAAAAAAAAAAAAAAAAAAAAAAAAAAAAAAAAAAAAAAAAAAAAAAAAAAAAAAAAAAAAAAAAAAAAAAAAAAAAAAAAAAAAAAAAAAAAAAAAAAAAAAAAAAAAAAAAAAAAAAAAAAAAAAAAAAAAAAAAAAAAAAAAAAAAAAAAAAAAAAAAAAAAAAAAAAAAAAAAAAAAAAAAAAAAAAAAAAAAAAAAAAAAAAAAAAAAAAAAAAAAAAAAAAAAAAAAAAAAAAAAAAAAAAAAAAAAAAAAAAAAAAAAAAAAAAAAAAAAAAAAAAAAAAAAAAAAAAAAAAAAAAAAAAAAAAAAAAAAAAAAAAAAAAAAAAAAAAAAAAAAAAAAAAAAAAAAAAAAAAAAAAAAAAAAAAAAAAAAAAAAAAAAAAAAAAAAAAAAAAAAAAAAAAAAAAAAAAAAAAAAAAAAAAAAAAAAAAAAAAAAAAAAAAAAAAAAAAAAAAAAAAAAAAAAAAAAAAAAAAAAAAAAAAAAAAAAAAAAAAAAAAAAAAAAAAAAAAAAAAAAAAAAAAAAAAAAAAAAAAAAAAAAAAAAAAAAAAAAAAAAAAAAAAAAAAAAAAAAAAAAAAAAAAAAAAAAAAAAAAAAAAAAAAAAAAAAAAAAAAAAAAAAAAAAAAAAAAAAAAAAAAAAAAAAAAAAAAAAAAAAAAAAAAAAAAAAAAAAAAAAAAAAAAAAAAAAAAAAAAAAAAAAAAAAAAAAAAAAAAAAAAAAAAAAAAAAAAAAAAAAAAAAAAAAAAAAAAAAAAAAAAAAAAAAAAAAAAAAAAAAAAAAAAAAAAAAAAAAAAAAAAAAAAAAAAAAAAAAAAAAAAAAAAAAAAAAAAAAAAAAAAAAAAAAAAAAAAAAAAAAAAAAAAAAAAAAAAAAAAAAAAAAAAAAAAAAAAAAAAAAAAAAAAAAAAAAAAAAAAAAAAAAAAAAAAAAAAAAAAAAAAAAAAAAAAAAAAAAAAAAAAAAAAAAAAAAAAAAAAAAAAAAAAAAAAAAAAAAAAAAAAAAAAAAAAAAAAAAAAAAAAAAAAAAAAAAAAAAAAAAAAAAAAAAAAAAAAAAAAAAAAAAAAAAAAAAAAAAAAAAAAAAAAAAAAAAAAAAAAAAAAAAAAAAAAAAAAAAAAAAAAAAAAAAAAAAAAAAAAAAAAAAAAAAAAAAAAAAAAAAAAAAAAAAAAAAAAAAAAAAAAAAAAAAAAAAAAAAAAAAAAAAAAAAAAAAAAAAAAAAAAAAAAAAAAAAAAAAAAAAAAAAAAAAAAAAAAAAAAAAAAAAAAAAAAAAAAAAAAAAAAAAAAAAAAAAAAAAAAAAAAAAAAAAAAAAAAAAAAAAAAAAAAAAAAAAAAAAAAAAAAAAAAAAAAAAAAAAAAAAAAAAAAAAAAAAAAAAAAAAAAAAAAAAAAAAAAAAAAAAAAAAAAAAAAAAAAAAAAAAAAAAAAAAAAAAAAAAAAAAAAAAAAAAAAAAAAAAAAAAAAAAAAAAAAAAAAAAAAAAAAAAAAAAAAAAAAAAAAAAAAAAAAAAAAAAAAAAAAAAAAAAAAAAAAAAAAAAAAAAAAAAAAAAAAAAAAAAAAAAAAAAAAAAAAAAAAAAAAAAAAAAAAAAAAAAAAAAAAAAAAAAAAAAAAAAAAAAAAAAAAAAAAAAAAAAAAAAAAAAAAAAAAAAAAAAAAAAAAAAAAAAAAAAAAAAAAAAAAAAAAAAAAAAAAAAAAAAAAAAAAAAAAAAAAAAAAAAAAAAAAAAAAAAAAAAAAAAAAAAAAAAAAAAAAAAAAAAAAAAAAAAAAAAAAAAAAAAAAAAAAAAAAAAAAAAAAAAAAAAAAAAAAAAAAAAAAAAAAAAAAAAAAAAAAAAAAAAAAAAAAAAAAAAAAAAAAAAAAAAAAAAAAAAAAAAAAAAAAAAAAAAAAAAAAAAAAAAAAAAAAAAAAAAAAAAAAAAAAAAAAAAAAAAAAAAAAAAAAAAAAAAAAAAAAAAAAAAAAAAAAAAAAAAAAAAAAAAAAAAAAAAAAAAAAAAAAAAAAAAAAAAAAAAAAAAAAAAAAAAAAAAAAAAAAAAAAAAAAAAAAAAAAAAAAAAAAAAAAAAAAAAAAAAAAAAAAAAAAAAAAAAAAAAAAAAAAAAAAAAAAAAAAAAAAAAAAAAAAAAAAAAAAAAAAAAAAAAAAAAAAAAAAAAAAAAAAAAAAAAAAAAAAAAAAAAAAAAAAAAAAAAAAAAAAAAAAAAAAAAAAAAAAAAAAAAAAAAAAAAAAAAAAAAAAAAAAAAAAAAAAAAAAAAAAAAAAAAAAAAAAAAAAAAAAAAAAAAAAAAAAAAAA DECISIVE", "ParentImage": "C:\\Windows\\explorer.exe", "ParentCommandLine": "explorer.exe", "ProcessId": "4100", "ParentProcessId": "3080", "User": "LAB\\A.Mehta", "IntegrityLevel": "High", "Hashes": "SHA256=ABC"}
{"@timestamp": "2020-10-18T10:00:01.000Z", "TimeCreated": "2020-10-18T10:00:01.000Z", "Hostname": "WKSTN-01.lab.local", "Channel": "Security", "EventID": 4688, "NewProcessName": "C:\\Tools\\dumper.exe", "CommandLine": "dumper.exe", "ParentProcessName": "C:\\Windows\\explorer.exe", "NewProcessId": "0x1004", "ProcessId": "0xc08", "SubjectUserName": "a.mehta", "TargetUserName": "-", "MandatoryLabel": "S-1-16-12288"}
{"@timestamp": "2020-10-18T10:00:02.000Z", "EventTime": "2020-10-18 06:00:00", "SourceModuleType": "im_msvistalog", "EventReceivedTime": "2020-10-18 06:00:01", "Hostname": "WKSTN-01.lab.local", "Channel": "Microsoft-Windows-Sysmon/Operational", "EventID": 1, "Image": "C:\\Windows\\gpupdate.exe", "ExecutionProcessID": 9999, "Message": "Process Create:\nRuleName: -\nProcessId: 4242\nImage: C:\\Windows\\gpupdate.exe\nParentProcessId: 1", "ParentProcessId": "1", "User": "NT AUTHORITY\\SYSTEM", "IntegrityLevel": "System"}
{"@timestamp": "2020-10-18T10:00:03.000Z", "EventTime": "2020-10-18 06:00:00", "SourceModuleType": "im_msvistalog", "EventReceivedTime": "2020-10-18 06:00:01", "Hostname": "WKSTN-01.lab.local", "Channel": "Microsoft-Windows-Sysmon/Operational", "EventID": 1, "Image": "C:\\Windows\\wermgr.exe", "ExecutionProcessID": 9999, "Message": "", "ParentProcessId": "2", "User": "-", "IntegrityLevel": "System"}
{"@timestamp": "2020-10-18T10:00:06.000Z", "TimeCreated": "2020-10-18T10:00:06.000Z", "Hostname": "WKSTN-01.lab.local", "Channel": "Microsoft-Windows-Sysmon/Operational", "EventID": 10, "SourceImage": "C:\\Tools\\dumper.exe", "SourceProcessId": "4100", "TargetImage": "C:\\Windows\\system32\\lsass.exe", "TargetProcessId": "600", "GrantedAccess": "0x1FFFFF", "CallTrace": "C:\\Windows\\SYSTEM32\\ntdll.dll+9d204", "SourceUser": "LAB\\a.mehta"}
{this is not json
{"@timestamp": "2020-10-18T10:00:06.000Z", "TimeCreated": "2020-10-18T10:00:06.000Z", "Hostname": "WKSTN-01.lab.local", "Channel": "Microsoft-Windows-Sysmon/Operational", "EventID": 10, "SourceImage": "C:\\Windows\\svchost.exe", "SourceProcessId": "900", "TargetImage": "C:\\Windows\\system32\\lsass.exe", "TargetProcessId": "600", "GrantedAccess": "0x1000", "CallTrace": "x"}
{"@timestamp": "2020-10-18T10:00:07.000Z", "TimeCreated": "2020-10-18T10:00:07.000Z", "Hostname": "WKSTN-01.lab.local", "Channel": "Security", "EventID": 4656, "ObjectType": "Process", "ObjectName": "\\Device\\HarddiskVolume2\\Windows\\System32\\lsass.exe", "ProcessName": "C:\\Tools\\dumper.exe", "ProcessId": "0x1004", "AccessMask": "0x1410", "SubjectUserName": "a.mehta"}
{"@timestamp": "2020-10-18T10:00:08.000Z", "TimeCreated": "2020-10-18T10:00:08.000Z", "Hostname": "WKSTN-01.lab.local", "Channel": "Security", "EventID": 4663, "ObjectType": "File", "ObjectName": "C:\\Temp\\lsass.dmp", "ProcessName": "C:\\Tools\\dumper.exe", "ProcessId": "0x1004", "AccessList": "%%4417", "SubjectUserName": "LAB\\a.mehta"}
42
{"@timestamp": "2020-10-18T10:00:08.500Z", "TimeCreated": "2020-10-18T10:00:08.500Z", "Hostname": "WKSTN-01.lab.local", "Channel": "Security", "EventID": 4663, "ObjectType": "Key", "ObjectName": "\\REGISTRY\\MACHINE\\SOFTWARE\\X", "ProcessName": "C:\\Windows\\regedit.exe", "ProcessId": "0x10", "SubjectUserName": "a.mehta"}
{"@timestamp": "2020-10-18T10:00:09.000Z", "TimeCreated": "2020-10-18T10:00:09.000Z", "Hostname": "WKSTN-01.lab.local", "Channel": "Microsoft-Windows-Sysmon/Operational", "EventID": 3, "Image": "C:\\Tools\\dumper.exe", "ProcessId": "4100", "SourceIp": "10.0.0.5", "SourcePort": "50000", "DestinationIp": "203.0.113.7", "DestinationPort": "443", "Protocol": "tcp", "Initiated": "true", "User": "LAB\\a.mehta"}
{"@timestamp": "2020-10-18T10:00:10.000Z", "EventTime": "2020-10-18 06:00:00", "SourceModuleType": "im_msvistalog", "EventReceivedTime": "2020-10-18 06:00:01", "Hostname": "WKSTN-01.lab.local", "Channel": "Security", "EventID": 5156, "ProcessID": 4, "Application": "\\device\\harddiskvolume2\\tools\\dumper.exe", "Message": "The Windows Filtering Platform has permitted a connection.\nApplication Information:\n\tProcess ID:\t\t716\n", "SourceAddress": "10.0.0.5", "SourcePort": "50001", "DestAddress": "203.0.113.8", "DestPort": "80", "Protocol": "6", "Direction": "%%14593"}
{"@timestamp": "2020-10-18T10:00:11.000Z", "TimeCreated": "2020-10-18T10:00:11.000Z", "Hostname": "WKSTN-01.lab.local", "Channel": "security", "EventID": 5156, "ProcessID": "3488", "Application": "\\device\\harddiskvolume2\\x.exe", "SourceAddress": "203.0.113.9", "SourcePort": "1234", "DestAddress": "10.0.0.5", "DestPort": "445", "Protocol": "6", "Direction": "%%14592"}
{"@timestamp": "2020-10-18T10:00:12.000Z", "TimeCreated": "2020-10-18T10:00:12.000Z", "Hostname": "WKSTN-01.lab.local", "Channel": "Microsoft-Windows-Sysmon/Operational", "EventID": 12, "EventType": "CreateKey", "Image": "C:\\Tools\\dumper.exe", "ProcessId": "4100", "TargetObject": "HKLM\\SOFTWARE\\Evil", "User": "LAB\\a.mehta"}
{"@timestamp": "2020-10-18T10:00:13.000Z", "TimeCreated": "2020-10-18T10:00:13.000Z", "Hostname": "WKSTN-01.lab.local", "Channel": "Microsoft-Windows-Sysmon/Operational", "EventID": 13, "EventType": "SetValue", "Image": "C:\\Tools\\dumper.exe", "ProcessId": "4100", "TargetObject": "HKLM\\SOFTWARE\\Evil\\Run", "Details": "C:\\Tools\\dumper.exe"}
{"@timestamp": "2020-10-18T10:00:14.000Z", "TimeCreated": "2020-10-18T10:00:14.000Z", "Hostname": "WKSTN-01.lab.local", "Channel": "Microsoft-Windows-Sysmon/Operational", "EventID": 14, "EventType": "RenameKey", "Image": "C:\\Tools\\dumper.exe", "TargetObject": "HKLM\\SOFTWARE\\Evil", "NewName": "HKLM\\SOFTWARE\\Evil2"}
{"@timestamp": "2020-10-18T10:00:15.000Z", "TimeCreated": "2020-10-18T10:00:15.000Z", "Hostname": "WKSTN-01.lab.local", "Channel": "Security", "EventID": 4657, "OperationType": "%%1905", "ProcessName": "C:\\Windows\\reg.exe", "ProcessId": "0x2a", "ObjectName": "\\REGISTRY\\MACHINE\\SYSTEM\\CurrentControlSet\\Control\\Lsa", "ObjectValueName": "RunAsPPL", "NewValue": "0", "SubjectUserName": "a.mehta"}
{"@timestamp": "2020-10-18T10:00:16.000Z", "TimeCreated": "2020-10-18T10:00:16.000Z", "Hostname": "WKSTN-01.lab.local", "Channel": "Microsoft-Windows-Sysmon/Operational", "EventID": 11, "Image": "C:\\Tools\\dumper.exe", "ProcessId": "4100", "TargetFilename": "C:\\Temp\\lsass.dmp"}
{"@timestamp": "2020-10-18T10:00:17.000Z", "TimeCreated": "2020-10-18T10:00:17.000Z", "Hostname": "WKSTN-01.lab.local", "Channel": "Microsoft-Windows-Sysmon/Operational", "EventID": 23, "Image": "C:\\Tools\\dumper.exe", "ProcessId": "4100", "TargetFilename": "C:\\Temp\\lsass.dmp", "User": "LAB\\a.mehta"}
{"@timestamp": "2020-10-18T10:00:18.000Z", "TimeCreated": "2020-10-18T10:00:18.000Z", "Hostname": "DC-01.lab.local", "Channel": "Security", "EventID": 4624, "SubjectUserName": "-", "TargetUserName": "LAB\\svc_reports", "LogonType": "3", "IpAddress": "10.0.0.5", "WorkstationName": "WKSTN-01", "ProcessName": "-"}
{"@timestamp": "2020-10-18T10:00:19.000Z", "TimeCreated": "2020-10-18T10:00:19.000Z", "Hostname": "DC-01.lab.local", "Channel": "Security", "EventID": 4625, "SubjectUserName": "-", "TargetUserName": "admin", "LogonType": "3", "IpAddress": "10.0.0.5", "WorkstationName": "WKSTN-01", "ProcessName": "-"}
{"@timestamp": "2020-10-18T10:00:20.000Z", "TimeCreated": "2020-10-18T10:00:20.000Z", "Hostname": "WKSTN-01.lab.local", "Channel": "Security", "EventID": 4648, "SubjectUserName": "a.mehta", "TargetUserName": "svc_reports", "TargetServerName": "DC-01", "IpAddress": "-", "ProcessName": "C:\\Windows\\System32\\runas.exe"}
{"@timestamp": "2020-10-18T10:00:21.000Z", "TimeCreated": "2020-10-18T10:00:21.000Z", "Hostname": "DC-01.lab.local", "Channel": "Security", "EventID": 5140, "SubjectUserName": "a.mehta", "ShareName": "\\\\*\\C$", "IpAddress": "10.0.0.5", "AccessMask": "0x1"}
{"@timestamp": "2020-10-18T10:00:22.000Z", "TimeCreated": "2020-10-18T10:00:22.000Z", "Hostname": "DC-01.lab.local", "Channel": "Security", "EventID": 5145, "SubjectUserName": "a.mehta", "ShareName": "\\\\*\\C$", "RelativeTargetName": "Windows\\Temp\\x.exe", "IpAddress": "10.0.0.5", "AccessMask": "0x2"}
{"@timestamp": "2020-10-18T10:00:23.000Z", "TimeCreated": "2020-10-18T10:00:23.000Z", "Hostname": "WKSTN-01.lab.local", "Channel": "Microsoft-Windows-Sysmon/Operational", "EventID": 7, "Image": "C:\\Tools\\dumper.exe", "ImageLoaded": "C:\\Windows\\ntdll.dll"}
{"@timestamp": "2020-10-18T10:00:24.000Z", "beat": {"name": "WEC"}, "computer_name": "HR001.lab.local", "log_name": "Microsoft-Windows-Sysmon/Operational", "event_id": 10, "event_data": {"SourceImage": "C:\\x.exe", "SourceProcessId": "77", "TargetImage": "C:\\Windows\\system32\\lsass.exe", "TargetProcessId": "600", "GrantedAccess": "0x10", "CallTrace": "y", "UtcTime": "2020-10-18 10:00:24.000"}}
